2015-09-02 16:56:57,273 INFO [com.hp.it.util.LdapConnection] - /C:/studyMavenWorkspace/findInfo/target/classes/java6_cacerts
2015-09-02 16:57:15,215 INFO [com.hp.it.util.LdapConnection] - /C:/studyMavenWorkspace/findInfo/target/classes/java6_cacerts
2015-09-02 17:29:45,449 INFO [com.hp.it.updateUser.service.UserService] - execute the ldap query
2015-09-02 17:29:45,452 INFO [com.hp.it.util.LdapConnection] - check the certificate file
2015-09-02 17:29:45,452 INFO [com.hp.it.util.LdapConnection] - /C:/studyMavenWorkspace/findInfo/target/classes/java6_cacerts
2015-09-02 17:29:45,452 INFO [com.hp.it.util.LdapConnection] - get the ldap connection!
2015-09-02 17:29:46,086 INFO [com.hp.it.util.LdapConnection] - LdapConnection: ldap connection successful!
2015-09-02 17:29:46,279 INFO [com.hp.it.util.LdapConnection] - LdapConnection: ldap connection have closed!
2015-09-02 17:31:40,739 INFO [com.hp.it.updateUser.service.UserService] - execute the ldap query
2015-09-02 17:31:40,742 INFO [com.hp.it.util.LdapConnection] - check the certificate file
2015-09-02 17:31:40,742 INFO [com.hp.it.util.LdapConnection] - /C:/studyMavenWorkspace/findInfo/target/classes/java6_cacerts
2015-09-02 17:31:40,742 INFO [com.hp.it.util.LdapConnection] - get the ldap connection!
2015-09-02 17:31:41,359 INFO [com.hp.it.util.LdapConnection] - LdapConnection: ldap connection successful!
2015-09-02 17:31:41,574 INFO [com.hp.it.util.LdapConnection] - LdapConnection: ldap connection have closed!
2015-09-02 17:32:07,166 INFO [com.hp.it.updateUser.service.UserService] - execute the ldap query
2015-09-02 17:32:07,169 INFO [com.hp.it.util.LdapConnection] - check the certificate file
2015-09-02 17:32:07,169 INFO [com.hp.it.util.LdapConnection] - /C:/studyMavenWorkspace/findInfo/target/classes/java6_cacerts
2015-09-02 17:32:07,169 INFO [com.hp.it.util.LdapConnection] - get the ldap connection!
2015-09-02 17:32:07,795 INFO [com.hp.it.util.LdapConnection] - LdapConnection: ldap connection successful!
2015-09-02 17:32:08,980 INFO [com.hp.it.util.LdapConnection] - LdapConnection: ldap connection have closed!
2015-09-02 17:33:03,846 INFO [com.hp.it.updateUser.service.UserService] - execute the ldap query
2015-09-02 17:33:03,849 INFO [com.hp.it.util.LdapConnection] - check the certificate file
2015-09-02 17:33:03,849 INFO [com.hp.it.util.LdapConnection] - /C:/studyMavenWorkspace/findInfo/target/classes/java6_cacerts
2015-09-02 17:33:03,850 INFO [com.hp.it.util.LdapConnection] - get the ldap connection!
2015-09-02 17:33:04,477 INFO [com.hp.it.util.LdapConnection] - LdapConnection: ldap connection successful!
2015-09-02 17:33:04,672 INFO [com.hp.it.util.LdapConnection] - LdapConnection: ldap connection have closed!
2015-09-02 17:33:50,197 INFO [com.hp.it.updateUser.service.UserService] - execute the ldap query
2015-09-02 17:33:50,200 INFO [com.hp.it.util.LdapConnection] - check the certificate file
2015-09-02 17:33:50,200 INFO [com.hp.it.util.LdapConnection] - /C:/studyMavenWorkspace/findInfo/target/classes/java6_cacerts
2015-09-02 17:33:50,200 INFO [com.hp.it.util.LdapConnection] - get the ldap connection!
2015-09-02 17:33:50,598 INFO [com.hp.it.util.LdapConnection] - LdapConnection: ldap connection successful!
2015-09-02 17:33:50,795 INFO [com.hp.it.util.LdapConnection] - LdapConnection: ldap connection have closed!
2015-09-02 17:38:43,522 INFO [com.hp.it.updateUser.service.UserService] - execute the ldap query
2015-09-02 17:38:43,525 INFO [com.hp.it.util.LdapConnection] - check the certificate file
2015-09-02 17:38:43,526 INFO [com.hp.it.util.LdapConnection] - /C:/studyMavenWorkspace/findInfo/target/classes/java6_cacerts
2015-09-02 17:38:43,526 INFO [com.hp.it.util.LdapConnection] - get the ldap connection!
2015-09-02 17:38:43,924 INFO [com.hp.it.util.LdapConnection] - LdapConnection: ldap connection successful!
2015-09-02 17:38:44,119 INFO [com.hp.it.util.LdapConnection] - LdapConnection: ldap connection have closed!
2015-09-02 17:41:30,910 INFO [com.hp.it.updateUser.service.UserService] - execute the ldap query
2015-09-02 17:41:30,915 INFO [com.hp.it.util.LdapConnection] - check the certificate file
2015-09-02 17:41:30,915 INFO [com.hp.it.util.LdapConnection] - /C:/studyMavenWorkspace/findInfo/target/classes/java6_cacerts
2015-09-02 17:41:30,915 INFO [com.hp.it.util.LdapConnection] - get the ldap connection!
2015-09-02 17:41:31,308 INFO [com.hp.it.util.LdapConnection] - LdapConnection: ldap connection successful!
2015-09-02 17:41:31,508 INFO [com.hp.it.util.LdapConnection] - LdapConnection: ldap connection have closed!
2015-09-02 19:36:07,657 INFO [com.hp.it.util.LdapConnection] - /C:/studyMavenWorkspace/findInfo/target/classes/java6_cacerts
2015-09-02 23:11:00,140 INFO [com.hp.it.updateUser.service.UserService] - execute the ldap query
2015-09-02 23:11:00,156 INFO [com.hp.it.util.LdapConnection] - check the certificate file
2015-09-02 23:11:00,156 INFO [com.hp.it.util.LdapConnection] - /C:/studyMavenWorkspace/findInfo/target/classes/java6_cacerts
2015-09-02 23:11:00,156 INFO [com.hp.it.util.LdapConnection] - get the ldap connection!
2015-09-02 23:11:00,623 INFO [com.hp.it.util.LdapConnection] - LdapConnection: ldap connection successful!
2015-09-02 23:11:00,858 INFO [com.hp.it.util.LdapConnection] - LdapConnection: ldap connection have closed!
2015-09-02 23:13:28,987 INFO [com.hp.it.updateUser.service.UserService] - execute the ldap query
2015-09-02 23:13:28,994 INFO [com.hp.it.util.LdapConnection] - check the certificate file
2015-09-02 23:13:28,994 INFO [com.hp.it.util.LdapConnection] - /C:/studyMavenWorkspace/findInfo/target/classes/java6_cacerts
2015-09-02 23:13:28,994 INFO [com.hp.it.util.LdapConnection] - get the ldap connection!
2015-09-02 23:13:29,440 INFO [com.hp.it.util.LdapConnection] - LdapConnection: ldap connection successful!
2015-09-02 23:13:29,655 INFO [com.hp.it.util.LdapConnection] - LdapConnection: ldap connection have closed!
2015-09-02 23:17:32,364 INFO [com.hp.it.updateUser.service.UserService] - execute the ldap query
2015-09-02 23:17:32,364 INFO [com.hp.it.util.LdapConnection] - check the certificate file
2015-09-02 23:17:32,364 INFO [com.hp.it.util.LdapConnection] - /C:/studyMavenWorkspace/findInfo/target/classes/java6_cacerts
2015-09-02 23:17:32,364 INFO [com.hp.it.util.LdapConnection] - get the ldap connection!
2015-09-02 23:17:32,826 INFO [com.hp.it.util.LdapConnection] - LdapConnection: ldap connection successful!
2015-09-02 23:17:33,060 INFO [com.hp.it.util.LdapConnection] - LdapConnection: ldap connection have closed!
2015-09-02 23:18:14,574 INFO [com.hp.it.updateUser.service.UserService] - execute the ldap query
2015-09-02 23:18:14,574 INFO [com.hp.it.util.LdapConnection] - check the certificate file
2015-09-02 23:18:14,574 INFO [com.hp.it.util.LdapConnection] - /C:/studyMavenWorkspace/findInfo/target/classes/java6_cacerts
2015-09-02 23:18:14,574 INFO [com.hp.it.util.LdapConnection] - get the ldap connection!
2015-09-02 23:18:15,063 INFO [com.hp.it.util.LdapConnection] - LdapConnection: ldap connection successful!
2015-09-02 23:18:15,281 INFO [com.hp.it.util.LdapConnection] - LdapConnection: ldap connection have closed!
2015-09-02 23:24:23,200 INFO [com.hp.it.updateUser.service.UserService] - execute the ldap query
2015-09-02 23:24:23,207 INFO [com.hp.it.util.LdapConnection] - check the certificate file
2015-09-02 23:24:23,210 INFO [com.hp.it.util.LdapConnection] - /C:/studyMavenWorkspace/findInfo/target/classes/java6_cacerts
2015-09-02 23:24:23,210 INFO [com.hp.it.util.LdapConnection] - get the ldap connection!
2015-09-02 23:24:24,072 INFO [com.hp.it.util.LdapConnection] - LdapConnection: ldap connection successful!
2015-09-02 23:24:24,371 INFO [com.hp.it.util.LdapConnection] - LdapConnection: ldap connection have closed!
2015-09-02 23:25:33,915 INFO [com.hp.it.updateUser.service.UserService] - execute the ldap query
2015-09-02 23:25:33,931 INFO [com.hp.it.util.LdapConnection] - check the certificate file
2015-09-02 23:25:33,931 INFO [com.hp.it.util.LdapConnection] - /C:/studyMavenWorkspace/findInfo/target/classes/java6_cacerts
2015-09-02 23:25:33,931 INFO [com.hp.it.util.LdapConnection] - get the ldap connection!
2015-09-02 23:25:34,371 INFO [com.hp.it.util.LdapConnection] - LdapConnection: ldap connection successful!
2015-09-02 23:25:34,563 INFO [com.hp.it.util.LdapConnection] - LdapConnection: ldap connection have closed!
2015-09-02 23:26:11,035 INFO [com.hp.it.updateUser.service.UserService] - execute the ldap query
2015-09-02 23:26:11,035 INFO [com.hp.it.util.LdapConnection] - check the certificate file
2015-09-02 23:26:11,035 INFO [com.hp.it.util.LdapConnection] - /C:/studyMavenWorkspace/findInfo/target/classes/java6_cacerts
2015-09-02 23:26:11,036 INFO [com.hp.it.util.LdapConnection] - get the ldap connection!
2015-09-02 23:26:11,519 INFO [com.hp.it.util.LdapConnection] - LdapConnection: ldap connection successful!
2015-09-02 23:26:11,740 INFO [com.hp.it.util.LdapConnection] - LdapConnection: ldap connection have closed!
2015-09-02 23:26:24,602 INFO [com.hp.it.updateUser.service.UserService] - execute the ldap query
2015-09-02 23:26:24,602 INFO [com.hp.it.util.LdapConnection] - check the certificate file
2015-09-02 23:26:24,602 INFO [com.hp.it.util.LdapConnection] - /C:/studyMavenWorkspace/findInfo/target/classes/java6_cacerts
2015-09-02 23:26:24,602 INFO [com.hp.it.util.LdapConnection] - get the ldap connection!
2015-09-02 23:26:24,800 INFO [com.hp.it.util.LdapConnection] - LdapConnection: ldap connection successful!
2015-09-02 23:26:25,015 INFO [com.hp.it.util.LdapConnection] - LdapConnection: ldap connection have closed!
2015-09-02 23:26:51,134 INFO [com.hp.it.updateUser.service.UserService] - execute the ldap query
2015-09-02 23:26:51,134 INFO [com.hp.it.util.LdapConnection] - check the certificate file
2015-09-02 23:26:51,134 INFO [com.hp.it.util.LdapConnection] - /C:/studyMavenWorkspace/findInfo/target/classes/java6_cacerts
2015-09-02 23:26:51,134 INFO [com.hp.it.util.LdapConnection] - get the ldap connection!
2015-09-02 23:26:51,573 INFO [com.hp.it.util.LdapConnection] - LdapConnection: ldap connection successful!
2015-09-02 23:26:51,781 INFO [com.hp.it.util.LdapConnection] - LdapConnection: ldap connection have closed!
2015-09-02 23:50:56,307 INFO [com.hp.it.updateUser.service.UserService] - execute the ldap query
2015-09-02 23:50:56,315 INFO [com.hp.it.util.LdapConnection] - check the certificate file
2015-09-02 23:50:56,315 INFO [com.hp.it.util.LdapConnection] - /C:/studyMavenWorkspace/findInfo/target/classes/java6_cacerts
2015-09-02 23:50:56,315 INFO [com.hp.it.util.LdapConnection] - get the ldap connection!
2015-09-02 23:50:56,772 INFO [com.hp.it.util.LdapConnection] - LdapConnection: ldap connection successful!
2015-09-02 23:50:56,990 INFO [com.hp.it.util.LdapConnection] - LdapConnection: ldap connection have closed!
2015-09-02 23:54:14,661 INFO [com.hp.it.updateUser.service.UserService] - execute the ldap query
2015-09-02 23:54:14,661 INFO [com.hp.it.util.LdapConnection] - check the certificate file
2015-09-02 23:54:14,661 INFO [com.hp.it.util.LdapConnection] - /C:/studyMavenWorkspace/findInfo/target/classes/java6_cacerts
2015-09-02 23:54:14,661 INFO [com.hp.it.util.LdapConnection] - get the ldap connection!
2015-09-02 23:54:15,117 INFO [com.hp.it.util.LdapConnection] - LdapConnection: ldap connection successful!
2015-09-02 23:54:15,336 INFO [com.hp.it.util.LdapConnection] - LdapConnection: ldap connection have closed!
2015-09-02 23:57:20,538 INFO [com.hp.it.updateUser.service.UserService] - execute the ldap query
2015-09-02 23:57:20,538 INFO [com.hp.it.util.LdapConnection] - check the certificate file
2015-09-02 23:57:20,538 INFO [com.hp.it.util.LdapConnection] - /C:/studyMavenWorkspace/findInfo/target/classes/java6_cacerts
2015-09-02 23:57:20,538 INFO [com.hp.it.util.LdapConnection] - get the ldap connection!
2015-09-02 23:57:20,994 INFO [com.hp.it.util.LdapConnection] - LdapConnection: ldap connection successful!
2015-09-02 23:57:21,213 INFO [com.hp.it.util.LdapConnection] - LdapConnection: ldap connection have closed!
2015-09-02 23:58:36,747 INFO [com.hp.it.updateUser.service.UserService] - execute the ldap query
2015-09-02 23:58:36,762 INFO [com.hp.it.util.LdapConnection] - check the certificate file
2015-09-02 23:58:36,762 INFO [com.hp.it.util.LdapConnection] - /C:/studyMavenWorkspace/findInfo/target/classes/java6_cacerts
2015-09-02 23:58:36,762 INFO [com.hp.it.util.LdapConnection] - get the ldap connection!
2015-09-02 23:58:37,273 INFO [com.hp.it.util.LdapConnection] - LdapConnection: ldap connection successful!
2015-09-02 23:58:37,512 INFO [com.hp.it.util.LdapConnection] - LdapConnection: ldap connection have closed!
2015-09-02 23:58:51,678 INFO [com.hp.it.updateUser.service.UserService] - execute the ldap query
2015-09-02 23:58:51,678 INFO [com.hp.it.util.LdapConnection] - check the certificate file
2015-09-02 23:58:51,678 INFO [com.hp.it.util.LdapConnection] - /C:/studyMavenWorkspace/findInfo/target/classes/java6_cacerts
2015-09-02 23:58:51,678 INFO [com.hp.it.util.LdapConnection] - get the ldap connection!
2015-09-02 23:58:51,882 INFO [com.hp.it.util.LdapConnection] - LdapConnection: ldap connection successful!
2015-09-02 23:58:52,087 INFO [com.hp.it.util.LdapConnection] - LdapConnection: ldap connection have closed!
